<?xml version="1.0" encoding="UTF-8"?>
<!-- Generated by org.testng.reporters.JUnitXMLReporter -->
<testsuite ignored="0" hostname="RP" failures="0" tests="3" name="Default test" time="7.646" errors="0" timestamp="2023-01-21T13:04:01 EST">
  <testcase classname="tests.LoginTest" name="ClickonSignInButton" time="1.123"/>
  <testcase classname="tests.LoginTest" name="EnterUserPassword" time="0.108"/>
  <testcase classname="tests.LoginTest" name="EnterUserid" time="0.155"/>
</testsuite> <!-- Default test -->
