<?xml version="1.0" encoding="UTF-8"?>
<!-- Generated by org.testng.reporters.JUnitXMLReporter -->
<testsuite ignored="0" hostname="RP" failures="0" tests="3" name="Test" time="7.819" errors="0" timestamp="2023-01-21T13:10:51 EST">
  <testcase classname="tests.LoginTest" name="EnterUserid" time="0.861"/>
  <testcase classname="tests.LoginTest" name="EnterUserPassword" time="0.152"/>
  <testcase classname="tests.LoginTest" name="ClickonSignInButton" time="0.407"/>
</testsuite> <!-- Test -->
